<?xml version="1.0" encoding="UTF-8"?>
<testsuite xmlns:xsi="http://www.w3.org/2001/XMLSchema-instance" xsi:noNamespaceSchemaLocation="https://maven.apache.org/surefire/maven-surefire-plugin/xsd/surefire-test-report.xsd" version="3.0.2" name="TestSuite" time="7.297" tests="1" errors="0" skipped="0" failures="0">
  <properties>
[...]
</properties>
  <testcase name="runScenario[&quot;Successfully register and delete a new user account&quot;, &quot;Register a new user&quot;](1)" classname="org.example.runners.RunCucumberTest" time="6.767">
    <system-out><![CDATA[
@Smoke
Scenario: Successfully register and delete a new user account  # src/test/resources/features/register-user.feature:8
16:49:52 INFO  [TestNG-PoolService-1] org.example.hooks.Hooks -  =====> Starting Scenario... <===== 
16:49:52 INFO  [TestNG-PoolService-1] org.example.core.DriverFactory - Initializing browser: chrome, headless: false, thread: 39
16:49:55 INFO  [TestNG-PoolService-1] org.example.core.DriverFactory - CDP network blocking enabled. Blocked URL patterns: 7
16:49:55 INFO  [TestNG-PoolService-1] org.example.core.DriverFactory - WebDriver initialized successfully for thread: 39
16:49:55 INFO  [TestNG-PoolService-1] org.example.pages.MainPage -  =====> Navigating To: https://automationexercise.com/ <===== 
16:49:55 INFO  [TestNG-PoolService-1] org.example.pages.MainPage - Navigating to: https://automationexercise.com/
  Given the user navigates to URL                              # org.example.steps.MainPageSteps.the_user_navigates_to_url()
16:49:56 INFO  [TestNG-PoolService-1] org.example.pages.MainPage -  =====> Verifying Automation Exercise Logo Is Displayed <===== 
  Then the home page should be displayed successfully          # org.example.steps.MainPageSteps.the_home_page_should_be_displayed_successfully()
16:49:56 INFO  [TestNG-PoolService-1] org.example.pages.MainPage -  =====> User Clicks The Sign Up / Login Button <===== 
16:49:56 INFO  [TestNG-PoolService-1] org.example.pages.MainPage -  =====> User Navigates To SignUpLoginPage <===== 
  When the user clicks the Signup / Login button               # org.example.steps.MainPageSteps.the_user_clicks_the_signup_login_button()
  Then the New User Signup! section should be visible          # org.example.steps.MainPageSteps.the_new_user_signup_section_should_be_visible()
16:49:56 INFO  [TestNG-PoolService-1] org.example.pages.SignUpLoginPage -  =====> User Sends Keys to Name Input: Maia Brekke <===== 
16:49:56 INFO  [TestNG-PoolService-1] org.example.pages.SignUpLoginPage -  =====> User Sends Keys to Sign-Up Email Input: maiabrekke@gmail.com <===== 
16:49:56 INFO  [TestNG-PoolService-1] org.example.pages.SignUpLoginPage -  =====> User Clicks The Sign-Up Button <===== 
  When the user signs up as a new user                         # org.example.steps.MainPageSteps.the_user_signs_up_as_a_new_user()
  Then the ENTER ACCOUNT INFORMATION heading should be visible # org.example.steps.MainPageSteps.the_enter_account_information_heading_should_be_visible()
16:49:57 INFO  [TestNG-PoolService-1] o.e.pages.AccountInformationPage -  =====> User Selects The 'Mrs.' Title <===== 
16:49:57 INFO  [TestNG-PoolService-1] o.e.pages.AccountInformationPage -  =====> User Enters The Account Password <===== 
16:49:57 INFO  [TestNG-PoolService-1] o.e.pages.AccountInformationPage - User chooses DAY: 13
16:49:57 INFO  [TestNG-PoolService-1] o.e.pages.AccountInformationPage - User chooses MONTH: December
16:49:57 INFO  [TestNG-PoolService-1] o.e.pages.AccountInformationPage - User chooses YEAR: 1962
  When the user enters valid account information               # org.example.steps.MainPageSteps.the_user_enters_valid_account_information()
16:49:57 INFO  [TestNG-PoolService-1] o.e.pages.AccountInformationPage -  =====> User Selects The Newsletter Checkbox <===== 
16:49:57 INFO  [TestNG-PoolService-1] o.e.pages.AccountInformationPage -  =====> User Selects The Special Offers Checkbox <===== 
  And the user subscribes to the newsletter and partner offers # org.example.steps.MainPageSteps.the_user_subscribes_to_the_newsletter_and_partner_offers()
16:49:57 INFO  [TestNG-PoolService-1] o.e.pages.AccountInformationPage -  =====> User Enters Address Information <===== 
  And the user enters valid address information                # org.example.steps.MainPageSteps.the_user_enters_valid_address_information()
16:49:58 INFO  [TestNG-PoolService-1] o.e.pages.AccountInformationPage -  =====> User Clicks The Create Account Button <===== 
  And the user clicks the Create Account button                # org.example.steps.MainPageSteps.the_user_clicks_the_create_account_button()
  Then the ACCOUNT CREATED! message should be visible          # org.example.steps.MainPageSteps.the_account_created_message_should_be_visible()
16:49:58 INFO  [TestNG-PoolService-1] o.example.pages.AccountCreatedPage -  =====> User Clicks The 'Continue' Button <===== 
  When the user clicks the Continue button                     # org.example.steps.MainPageSteps.the_user_clicks_the_continue_button()
  Then the user should be logged in successfully               # org.example.steps.MainPageSteps.the_user_should_be_logged_in_successfully()
16:49:59 INFO  [TestNG-PoolService-1] org.example.pages.MainPage -  =====> User Clicks The Delete Account Button <===== 
  When the user clicks the Delete Account" button              # org.example.steps.MainPageSteps.the_user_clicks_the_delete_account_button()
  Then the ACCOUNT DELETED! message should be visible          # org.example.steps.MainPageSteps.the_account_deleted_message_should_be_visible()
16:49:59 INFO  [TestNG-PoolService-1] org.example.hooks.Hooks -  =====> Scenario PASSED: Successfully register and delete a new user account <===== 
16:49:59 INFO  [TestNG-PoolService-1] org.example.hooks.Hooks -  =====> Closing Browser... <===== 
16:49:59 INFO  [TestNG-PoolService-1] org.example.core.DriverFactory - Closing WebDriver for thread: 39
]]></system-out>
  </testcase>
</testsuite>